Using pre-set license
Built from '2021.3/staging' branch; Version is '2021.3.45f1 (0da89fac8e79) revision 895135'; Using compiler version '192829333'; Build Type 'Release'
OS: 'Windows 10  (10.0.19045) 64bit Professional' Language: 'es' Physical Memory: 32606 MB
BatchMode: 1, IsHumanControllingUs: 0, StartBugReporterOnCrash: 0, Is64bit: 1, IsPro: 1

COMMAND LINE ARGUMENTS:
C:\Program Files\Unity\Hub\Editor\2021.3.45f1\Editor\Unity.exe
-adb2
-batchMode
-noUpm
-name
AssetImportWorker0
-projectPath
C:/Users/juane/Documents/Unity/Room
-logFile
Logs/AssetImportWorker0.log
-srvPort
61290
Successfully changed project path to: C:/Users/juane/Documents/Unity/Room
C:/Users/juane/Documents/Unity/Room
[UnityMemory] Configuration Parameters - Can be set up in boot.config
    "memorysetup-bucket-allocator-granularity=16"
    "memorysetup-bucket-allocator-bucket-count=8"
    "memorysetup-bucket-allocator-block-size=33554432"
    "memorysetup-bucket-allocator-block-count=8"
    "memorysetup-main-allocator-block-size=16777216"
    "memorysetup-thread-allocator-block-size=16777216"
    "memorysetup-gfx-main-allocator-block-size=16777216"
    "memorysetup-gfx-thread-allocator-block-size=16777216"
    "memorysetup-cache-allocator-block-size=4194304"
    "memorysetup-typetree-allocator-block-size=2097152"
    "memorysetup-profiler-bucket-allocator-granularity=16"
    "memorysetup-profiler-bucket-allocator-bucket-count=8"
    "memorysetup-profiler-bucket-allocator-block-size=33554432"
    "memorysetup-profiler-bucket-allocator-block-count=8"
    "memorysetup-profiler-allocator-block-size=16777216"
    "memorysetup-profiler-editor-allocator-block-size=1048576"
    "memorysetup-temp-allocator-size-main=16777216"
    "memorysetup-job-temp-allocator-block-size=2097152"
    "memorysetup-job-temp-allocator-block-size-background=1048576"
    "memorysetup-job-temp-allocator-reduction-small-platforms=262144"
    "memorysetup-temp-allocator-size-background-worker=32768"
    "memorysetup-temp-allocator-size-job-worker=262144"
    "memorysetup-temp-allocator-size-preload-manager=33554432"
    "memorysetup-temp-allocator-size-nav-mesh-worker=65536"
    "memorysetup-temp-allocator-size-audio-worker=65536"
    "memorysetup-temp-allocator-size-cloud-worker=32768"
    "memorysetup-temp-allocator-size-gi-baking-worker=262144"
    "memorysetup-temp-allocator-size-gfx=262144"
Player connection [21860] Host "[IP] 192.168.2.12 [Port] 0 [Flags] 2 [Guid] 899471923 [EditorId] 899471923 [Version] 1048832 [Id] WindowsEditor(7,DESKTOP-O3PNHOA) [Debug] 1 [PackageName] WindowsEditor [ProjectName] Editor" joined multi-casting on [225.0.0.222:54997]...

Player connection [21860] Host "[IP] 192.168.2.12 [Port] 0 [Flags] 2 [Guid] 899471923 [EditorId] 899471923 [Version] 1048832 [Id] WindowsEditor(7,DESKTOP-O3PNHOA) [Debug] 1 [PackageName] WindowsEditor [ProjectName] Editor" joined alternative multi-casting on [225.0.0.222:34997]...

[Physics::Module] Initialized MultithreadedJobDispatcher with {0} workers.
Refreshing native plugins compatible for Editor in 336.16 ms, found 12 plugins.
Preloading 1 native plugins for Editor in 0.85 ms.
Initialize engine version: 2021.3.45f1 (0da89fac8e79)
[Subsystems] Discovering subsystems at path C:/Program Files/Unity/Hub/Editor/2021.3.45f1/Editor/Data/Resources/UnitySubsystems
[Subsystems] Discovering subsystems at path C:/Users/juane/Documents/Unity/Room/Assets
GfxDevice: creating device client; threaded=0; jobified=0
Direct3D:
    Version:  Direct3D 11.0 [level 11.1]
    Renderer: NVIDIA GeForce GTX 1650 (ID=0x1f82)
    Vendor:   NVIDIA
    VRAM:     3935 MB
    Driver:   32.0.15.8142
Initialize mono
Mono path[0] = 'C:/Program Files/Unity/Hub/Editor/2021.3.45f1/Editor/Data/Managed'
Mono path[1] = 'C:/Program Files/Unity/Hub/Editor/2021.3.45f1/Editor/Data/MonoBleedingEdge/lib/mono/unityjit-win32'
Mono config path = 'C:/Program Files/Unity/Hub/Editor/2021.3.45f1/Editor/Data/MonoBleedingEdge/etc'
Using monoOptions --debugger-agent=transport=dt_socket,embedding=1,server=y,suspend=n,address=127.0.0.1:56532
Begin MonoManager ReloadAssembly
Registering precompiled unity dll's ...
Register platform support module: C:/Program Files/Unity/Hub/Editor/2021.3.45f1/Editor/Data/PlaybackEngines/AndroidPlayer/UnityEditor.Android.Extensions.dll
Register platform support module: C:/Program Files/Unity/Hub/Editor/2021.3.45f1/Editor/Data/PlaybackEngines/WindowsStandaloneSupport/UnityEditor.WindowsStandalone.Extensions.dll
Registered in 0.408058 seconds.
Native extension for WindowsStandalone target not found
Native extension for Android target not found
Android Extension - Scanning For ADB Devices 464 ms
Refreshing native plugins compatible for Editor in 110.99 ms, found 12 plugins.
Preloading 1 native plugins for Editor in 0.11 ms.
Mono: successfully reloaded assembly
- Completed reload, in  8.997 seconds
Domain Reload Profiling:
	ReloadAssembly (8997ms)
		BeginReloadAssembly (6050ms)
			ExecutionOrderSort (0ms)
			DisableScriptedObjects (0ms)
			BackupInstance (0ms)
			ReleaseScriptingObjects (0ms)
			CreateAndSetChildDomain (1ms)
		EndReloadAssembly (2093ms)
			LoadAssemblies (6056ms)
			RebuildTransferFunctionScriptingTraits (0ms)
			SetupTypeCache (1207ms)
			ReleaseScriptCaches (0ms)
			RebuildScriptCaches (27ms)
			SetupLoadedEditorAssemblies (799ms)
				LogAssemblyErrors (0ms)
				InitializePlatformSupportModulesInManaged (537ms)
				SetLoadedEditorAssemblies (0ms)
				RefreshPlugins (111ms)
				BeforeProcessingInitializeOnLoad (1ms)
				ProcessInitializeOnLoadAttributes (99ms)
				ProcessInitializeOnLoadMethodAttributes (50ms)
				AfterProcessingInitializeOnLoad (0ms)
				EditorAssembliesLoaded (0ms)
			ExecutionOrderSort2 (0ms)
			AwakeInstancesAfterBackupRestoration (0ms)
Platform modules already initialized, skipping
Registering precompiled user dll's ...
Registered in 0.013542 seconds.
Begin MonoManager ReloadAssembly
Native extension for WindowsStandalone target not found
Native extension for Android target not found
Refreshing native plugins compatible for Editor in 120.80 ms, found 12 plugins.
Preloading 1 native plugins for Editor in 0.13 ms.
Package Manager log level set to [2]
[Package Manager] Server::EnsureServerProcessIsRunning -- launch failed, reason: Unity was launched with the -noUpm command-line argument
[Package Manager] Cannot connect to Unity Package Manager local server
[Package Manager] Server::EnsureServerProcessIsRunning -- launch failed, reason: Unity was launched with the -noUpm command-line argument
[Package Manager] Cannot connect to Unity Package Manager local server
System.Reflection.TargetInvocationException: Exception has been thrown by the target of an invocation. ---> System.NullReferenceException: Object reference not set to an instance of an object
  at Unity.XR.Oculus.OculusLoader.AssetPathToAbsolutePath (System.String assetPath) [0x00040] in C:\Users\juane\Documents\Unity\Room\Library\PackageCache\com.unity.xr.oculus@3.4.1\Runtime\OculusLoader.cs:287 
  at Unity.XR.Oculus.OculusLoader.EditorLoadOVRPlugin () [0x00084] in C:\Users\juane\Documents\Unity\Room\Library\PackageCache\com.unity.xr.oculus@3.4.1\Runtime\OculusLoader.cs:272 
  at (wrapper managed-to-native) System.Reflection.RuntimeMethodInfo.InternalInvoke(System.Reflection.RuntimeMethodInfo,object,object[],System.Exception&)
  at System.Reflection.RuntimeMethodInfo.Invoke (System.Object obj, System.Reflection.BindingFlags invokeAttr, System.Reflection.Binder binder, System.Object[] parameters, System.Globalization.CultureInfo culture) [0x0006a] in <34c8028f8a3946349d8f0d77e409a1ae>:0 
   --- End of inner exception stack trace ---
  at System.Reflection.RuntimeMethodInfo.Invoke (System.Object obj, System.Reflection.BindingFlags invokeAttr, System.Reflection.Binder binder, System.Object[] parameters, System.Globalization.CultureInfo culture) [0x00083] in <34c8028f8a3946349d8f0d77e409a1ae>:0 
  at System.Reflection.MethodBase.Invoke (System.Object obj, System.Object[] parameters) [0x00000] in <34c8028f8a3946349d8f0d77e409a1ae>:0 
  at UnityEditor.EditorAssemblies.ProcessInitializeOnLoadMethodAttributes () [0x000a5] in <e2ec61eabaea4cfa8892d65208615f30>:0 
UnityEngine.StackTraceUtility:ExtractStackTrace ()
UnityEngine.DebugLogHandler:LogFormat (UnityEngine.LogType,UnityEngine.Object,string,object[])
UnityEngine.Logger:Log (UnityEngine.LogType,object)
UnityEngine.Debug:LogError (object)
UnityEditor.EditorAssemblies:ProcessInitializeOnLoadMethodAttributes ()

Mono: successfully reloaded assembly
- Completed reload, in 12.178 seconds
Domain Reload Profiling:
	ReloadAssembly (12178ms)
		BeginReloadAssembly (130ms)
			ExecutionOrderSort (0ms)
			DisableScriptedObjects (6ms)
			BackupInstance (0ms)
			ReleaseScriptingObjects (0ms)
			CreateAndSetChildDomain (20ms)
		EndReloadAssembly (11819ms)
			LoadAssemblies (9147ms)
			RebuildTransferFunctionScriptingTraits (0ms)
			SetupTypeCache (1372ms)
			ReleaseScriptCaches (1ms)
			RebuildScriptCaches (119ms)
			SetupLoadedEditorAssemblies (1146ms)
				LogAssemblyErrors (0ms)
				InitializePlatformSupportModulesInManaged (17ms)
				SetLoadedEditorAssemblies (0ms)
				RefreshPlugins (121ms)
				BeforeProcessingInitializeOnLoad (119ms)
				ProcessInitializeOnLoadAttributes (765ms)
				ProcessInitializeOnLoadMethodAttributes (112ms)
				AfterProcessingInitializeOnLoad (11ms)
				EditorAssembliesLoaded (0ms)
			ExecutionOrderSort2 (0ms)
			AwakeInstancesAfterBackupRestoration (5ms)
Platform modules already initialized, skipping
========================================================================
Worker process is ready to serve import requests
Launched and connected shader compiler UnityShaderCompiler.exe after 0.05 seconds
Refreshing native plugins compatible for Editor in 1.83 ms, found 12 plugins.
Preloading 1 native plugins for Editor in 0.11 ms.
Unloading 7039 Unused Serialized files (Serialized files now loaded: 0)
Unloading 75 unused Assets / (1.2 MB). Loaded Objects now: 7520.
Memory consumption went from 371.5 MB to 370.3 MB.
Total: 4.632800 ms (FindLiveObjects: 0.647400 ms CreateObjectMapping: 0.584600 ms MarkObjects: 2.958900 ms  DeleteObjects: 0.441200 ms)

AssetImportParameters requested are different than current active one (requested -> active):
  custom:video-decoder-ogg-theora: a1e56fd34408186e4bbccfd4996cb3dc -> 
  custom:container-muxer-webm: aa71ff27fc2769a1b78a27578f13a17b -> 
  custom:container-demuxer-webm: 4f35f7cbe854078d1ac9338744f61a02 -> 
  custom:video-encoder-webm-vp8: eb34c28f22e8b96e1ab97ce403110664 -> 
  custom:CustomObjectIndexerAttribute: 6b0e35c9178b02a6363f3721b7b8e397 -> 
  custom:audio-encoder-webm-vorbis: bf7c407c2cedff20999df2af8eb42d56 -> 
  custom:framework-win-MediaFoundation: 216162199b28c13a410421893ffa2e32 -> 
  custom:SearchIndexIgnoredProperties: e643bd26f0fe6173181afceb89e7c659 -> 
  custom:container-demuxer-ogg: 62fdf1f143b41e24485cea50d1cbac27 -> 
  custom:video-decoder-webm-vp8: 9c59270c3fd7afecdb556c50c9e8de78 -> 
  custom:audio-decoder-ogg-vorbis: bf7c407c2cedff20999df2af8eb42d56 -> 
========================================================================
Received Import Request.
  Time since last request: 63907.851685 seconds.
  path: Assets/ToonyTinyPeople/TT_demo/models/TT_demo_female.FBX
  artifactKey: Guid(3cefbbfe8c81fbb4283daa116169ef21) Importer(815301076,1909f56bfc062723c751e8b465ee728b)
Number of updated assets reloaded before import = 0
Start importing Assets/ToonyTinyPeople/TT_demo/models/TT_demo_female.FBX using Guid(3cefbbfe8c81fbb4283daa116169ef21) Importer(815301076,1909f56bfc062723c751e8b465ee728b)  -> (artifact id: '04327a2068eede43f35a05d38940fa8a') in 0.483359 seconds 
Number of asset objects unloaded after import = 89
========================================================================
Received Import Request.
  Time since last request: 23.576572 seconds.
  path: Assets/ToonyTinyPeople/TT_demo/models/Materials
  artifactKey: Guid(61fb954842fc25f41a352bc136c69fdb) Importer(815301076,1909f56bfc062723c751e8b465ee728b)
Number of updated assets reloaded before import = 0
Start importing Assets/ToonyTinyPeople/TT_demo/models/Materials using Guid(61fb954842fc25f41a352bc136c69fdb) Importer(815301076,1909f56bfc062723c751e8b465ee728b)  -> (artifact id: '20d63b7a206a3c7f253f4f9ff9958d93') in 0.012805 seconds 
Number of asset objects unloaded after import = 0
========================================================================
Received Import Request.
  Time since last request: 21.939489 seconds.
  path: Assets/ToonyTinyPeople/TT_demo/ToonyTiny_Citizens_Megapack.tga
  artifactKey: Guid(44aec3aaa337c294c9265a35fa489440) Importer(815301076,1909f56bfc062723c751e8b465ee728b)
Number of updated assets reloaded before import = 0
Start importing Assets/ToonyTinyPeople/TT_demo/ToonyTiny_Citizens_Megapack.tga using Guid(44aec3aaa337c294c9265a35fa489440) Importer(815301076,1909f56bfc062723c751e8b465ee728b)  -> (artifact id: '4640ba3dc0e2700069e9ca444837060b') in 0.052388 seconds 
Number of asset objects unloaded after import = 2
========================================================================
Received Import Request.
  Time since last request: 1.476054 seconds.
  path: Assets/ToonyTinyPeople/TT_demo/ToonyTiny_City_Pack.tga
  artifactKey: Guid(d8467266b321e0342acb2a5b24a06fe8) Importer(815301076,1909f56bfc062723c751e8b465ee728b)
Number of updated assets reloaded before import = 0
Start importing Assets/ToonyTinyPeople/TT_demo/ToonyTiny_City_Pack.tga using Guid(d8467266b321e0342acb2a5b24a06fe8) Importer(815301076,1909f56bfc062723c751e8b465ee728b)  -> (artifact id: '6cfeaad8595ab0ec653a715f3e3937b9') in 0.031120 seconds 
Number of asset objects unloaded after import = 2
========================================================================
Received Import Request.
  Time since last request: 8.010828 seconds.
  path: Assets/ToonyTinyPeople/TT_demo/prefabs/TT_demo_female.prefab
  artifactKey: Guid(2db03e7c8a8135146b280e5da7e0289c) Importer(815301076,1909f56bfc062723c751e8b465ee728b)
Number of updated assets reloaded before import = 0
Start importing Assets/ToonyTinyPeople/TT_demo/prefabs/TT_demo_female.prefab using Guid(2db03e7c8a8135146b280e5da7e0289c) Importer(815301076,1909f56bfc062723c751e8b465ee728b)  -> (artifact id: '6351934f6b313e68f3f5a807de6a9f8a') in 0.021605 seconds 
Number of asset objects unloaded after import = 79
========================================================================
Received Import Request.
  Time since last request: 0.955568 seconds.
  path: Assets/ToonyTinyPeople/TT_demo/prefabs/TT_demo_male_A.prefab
  artifactKey: Guid(6fb37f825ee63264b9c2600bf1a52006) Importer(815301076,1909f56bfc062723c751e8b465ee728b)
Number of updated assets reloaded before import = 0
Start importing Assets/ToonyTinyPeople/TT_demo/prefabs/TT_demo_male_A.prefab using Guid(6fb37f825ee63264b9c2600bf1a52006) Importer(815301076,1909f56bfc062723c751e8b465ee728b)  -> (artifact id: '2bf39670bfdfd364b909dc3165e4e1cc') in 0.031541 seconds 
Number of asset objects unloaded after import = 77
========================================================================
Received Import Request.
  Time since last request: 0.462625 seconds.
  path: Assets/ToonyTinyPeople/TT_demo/prefabs/TT_demo_male_B.prefab
  artifactKey: Guid(907fd825e3988774caab4234b943bf44) Importer(815301076,1909f56bfc062723c751e8b465ee728b)
Number of updated assets reloaded before import = 0
Start importing Assets/ToonyTinyPeople/TT_demo/prefabs/TT_demo_male_B.prefab using Guid(907fd825e3988774caab4234b943bf44) Importer(815301076,1909f56bfc062723c751e8b465ee728b)  -> (artifact id: '83f7d965e4128304135f37cd307f5f0f') in 0.019816 seconds 
Number of asset objects unloaded after import = 72
========================================================================
Received Import Request.
  Time since last request: 0.533481 seconds.
  path: Assets/ToonyTinyPeople/TT_demo/prefabs/TT_demo_police.prefab
  artifactKey: Guid(47a3741b253f088469eedd6d403dd89a) Importer(815301076,1909f56bfc062723c751e8b465ee728b)
Number of updated assets reloaded before import = 0
Start importing Assets/ToonyTinyPeople/TT_demo/prefabs/TT_demo_police.prefab using Guid(47a3741b253f088469eedd6d403dd89a) Importer(815301076,1909f56bfc062723c751e8b465ee728b)  -> (artifact id: 'a98b34f9fef266201aa9a41345ed8543') in 0.041656 seconds 
Number of asset objects unloaded after import = 77
========================================================================
Received Import Request.
  Time since last request: 0.520945 seconds.
  path: Assets/ToonyTinyPeople/TT_demo/prefabs/TT_demo_zombie.prefab
  artifactKey: Guid(b14953694d54eea4eb66f453e525024c) Importer(815301076,1909f56bfc062723c751e8b465ee728b)
Number of updated assets reloaded before import = 0
Start importing Assets/ToonyTinyPeople/TT_demo/prefabs/TT_demo_zombie.prefab using Guid(b14953694d54eea4eb66f453e525024c) Importer(815301076,1909f56bfc062723c751e8b465ee728b)  -> (artifact id: '3435f527b25b4ac62b234505d836ee4c') in 0.020876 seconds 
Number of asset objects unloaded after import = 72
========================================================================
Received Import Request.
  Time since last request: 183.394182 seconds.
  path: Assets/ToonyTinyPeople
  artifactKey: Guid(abc2dbd8a77b4d84fada48c56d86ce8e) Importer(815301076,1909f56bfc062723c751e8b465ee728b)
Number of updated assets reloaded before import = 0
Start importing Assets/ToonyTinyPeople using Guid(abc2dbd8a77b4d84fada48c56d86ce8e) Importer(815301076,1909f56bfc062723c751e8b465ee728b)  -> (artifact id: '0b50c139363240c80cc2e1b4018c77c8') in 0.011730 seconds 
Number of asset objects unloaded after import = 0
========================================================================
Received Import Request.
  Time since last request: 389.303147 seconds.
  path: Assets/npc_casual_set_00/Scenes/npc_casual_set_00.unity
  artifactKey: Guid(2f575d2ffbf654748a62b555e786227f) Importer(815301076,1909f56bfc062723c751e8b465ee728b)
Number of updated assets reloaded before import = 0
Start importing Assets/npc_casual_set_00/Scenes/npc_casual_set_00.unity using Guid(2f575d2ffbf654748a62b555e786227f) Importer(815301076,1909f56bfc062723c751e8b465ee728b)  -> (artifact id: 'a61ddfb797263471726180c423db9f72') in 0.013067 seconds 
Number of asset objects unloaded after import = 0
========================================================================
Received Import Request.
  Time since last request: 146.362386 seconds.
  path: Assets/Gwangju_3D asset/Scenes/11_OwenMemorialHall.unity
  artifactKey: Guid(1f86ba5d1b30b1345bd3d2962357fe44) Importer(815301076,1909f56bfc062723c751e8b465ee728b)
Number of updated assets reloaded before import = 0
Start importing Assets/Gwangju_3D asset/Scenes/11_OwenMemorialHall.unity using Guid(1f86ba5d1b30b1345bd3d2962357fe44) Importer(815301076,1909f56bfc062723c751e8b465ee728b)  -> (artifact id: 'a9bb1121a2e590d9e3bec4d579663782') in 0.013972 seconds 
Number of asset objects unloaded after import = 0
